6: 42.086743 3
5: 41.941151 3
7 5 860.000000
4: 41.892321 3
6 4 860.000000
7 4 860.000000
3: 36.456678 6
5 3 860.000000
6 3 860.000000
7 3 860.000000
2: 52.392173 6
4 2 860.000000
5 2 860.000000
6 2 860.000000
7 2 860.000000
1: 42.492222 3
3 1 860.000000
4 1 860.000000
5 1 860.000000
6 1 860.000000
7 1 860.000000
0: 26.226666 6
2 0 860.000000
3 0 860.000000
4 0 860.000000
5 0 860.000000
6 0 860.000000
7 0 860.000000
6: 42.085494 3
5: 41.939076 3
7 5 860.000000
4: 41.892321 3
6 4 860.000000
7 4 860.000000
3: 36.456678 6
5 3 860.000000
6 3 860.000000
7 3 860.000000
2: 52.392173 6
4 2 860.000000
5 2 860.000000
6 2 860.000000
7 2 860.000000
1: 42.492222 3
3 1 860.000000
4 1 860.000000
5 1 860.000000
6 1 860.000000
7 1 860.000000
0: 26.226666 6
2 0 860.000000
3 0 860.000000
4 0 860.000000
5 0 860.000000
6 0 860.000000
7 0 860.000000
6: 42.088818 2
5: 41.939076 2
4: 41.892321 2
3: 46.730909 6
5 3 860.000000
6 3 0.000000
7 3 0.000000
2: 42.117942 2
1: 42.492222 2
0: 26.226666 6
2 0 860.000000
3 0 0.000000
4 0 0.000000
5 0 0.000000
6 0 0.000000
7 0 0.000000
6: 42.088227 3
5: 41.938794 3
7 5 860.000000
4: 41.892210 3
6 4 860.000000
7 4 860.000000
3: 36.456646 6
5 3 860.000000
6 3 860.000000
7 3 860.000000
2: 52.392166 6
4 2 860.000000
5 2 860.000000
6 2 860.000000
7 2 860.000000
1: 27.495605 6
3 1 860.000000
4 1 860.000000
5 1 860.000000
6 1 860.000000
7 1 860.000000
0: 41.223283 3
2 0 860.000000
3 0 860.000000
4 0 860.000000
5 0 860.000000
6 0 860.000000
7 0 860.000000
6: 42.088227 3
5: 41.938794 3
7 5 860.000000
4: 41.892210 3
6 4 860.000000
7 4 860.000000
3: 36.456646 6
5 3 860.000000
6 3 860.000000
7 3 860.000000
2: 52.388730 6
4 2 860.000000
5 2 860.000000
6 2 860.000000
7 2 860.000000
1: 42.495658 3
3 1 860.000000
4 1 860.000000
5 1 860.000000
6 1 860.000000
7 1 860.000000
0: 26.226666 6
2 0 860.000000
3 0 860.000000
4 0 860.000000
5 0 860.000000
6 0 860.000000
7 0 860.000000
6: 42.088227 3
5: 41.938794 3
7 5 860.000000
4: 36.892986 6
6 4 860.000000
7 4 860.000000
3: 41.455870 3
5 3 860.000000
6 3 860.000000
7 3 860.000000
2: 52.392166 6
4 2 860.000000
5 2 860.000000
6 2 860.000000
7 2 860.000000
1: 42.492222 3
3 1 860.000000
4 1 860.000000
5 1 860.000000
6 1 860.000000
7 1 860.000000
0: 26.226666 6
2 0 860.000000
3 0 860.000000
4 0 860.000000
5 0 860.000000
6 0 860.000000
7 0 860.000000
6: 42.088227 3
5: 41.936561 3
7 5 860.000000
4: 41.894443 3
6 4 860.000000
7 4 860.000000
3: 36.456646 6
5 3 860.000000
6 3 860.000000
7 3 860.000000
2: 52.392166 6
4 2 860.000000
5 2 860.000000
6 2 860.000000
7 2 860.000000
1: 42.492222 3
3 1 860.000000
4 1 860.000000
5 1 860.000000
6 1 860.000000
7 1 860.000000
0: 26.226666 6
2 0 860.000000
3 0 860.000000
4 0 860.000000
5 0 860.000000
6 0 860.000000
7 0 860.000000
